I, [2015-03-17T11:28:55.841552 #5540]  INFO -- : Started GET "/Reports/PurchaseRequest.pdf?prid=13" for 127.0.0.1 at 2015-03-17 11:28:55 +0700
I, [2015-03-17T11:28:56.126469 #5540]  INFO -- : Processing by ReportsController#PurchaseRequest as HTML
I, [2015-03-17T11:28:56.127312 #5540]  INFO -- :   Parameters: {"prid"=>"13"}
I, [2015-03-17T11:28:56.413393 #5540]  INFO -- :   Rendered reports/PurchaseRequest.html.erb (4.0ms)
I, [2015-03-17T11:28:56.414391 #5540]  INFO -- : Completed 200 OK in 286ms (Views: 6.0ms | ActiveRecord: 176.0ms)
I, [2015-03-17T11:29:11.309567 #5540]  INFO -- : Started GET "/Reports/PurchaseRequest.pdf?prid=13" for 127.0.0.1 at 2015-03-17 11:29:11 +0700
I, [2015-03-17T11:29:11.314572 #5540]  INFO -- : Processing by ReportsController#PurchaseRequest as HTML
I, [2015-03-17T11:29:11.315221 #5540]  INFO -- :   Parameters: {"prid"=>"13"}
I, [2015-03-17T11:29:11.365375 #5540]  INFO -- :   Rendered reports/PurchaseRequest.html.erb (1.0ms)
I, [2015-03-17T11:29:11.366374 #5540]  INFO -- : Completed 200 OK in 50ms (Views: 3.0ms | ActiveRecord: 45.1ms)
I, [2015-03-17T11:29:22.939073 #5540]  INFO -- : Started GET "/Reports/PurchaseRequest.pdf?prid=13" for 127.0.0.1 at 2015-03-17 11:29:22 +0700
I, [2015-03-17T11:29:22.941075 #5540]  INFO -- : Processing by ReportsController#PurchaseRequest as HTML
I, [2015-03-17T11:29:22.941075 #5540]  INFO -- :   Parameters: {"prid"=>"13"}
I, [2015-03-17T11:29:22.985740 #5540]  INFO -- :   Rendered reports/PurchaseRequest.html.erb (1.0ms)
I, [2015-03-17T11:29:23.007756 #5540]  INFO -- : Completed 200 OK in 66ms (Views: 24.0ms | ActiveRecord: 39.7ms)
I, [2015-03-17T11:51:47.981345 #5540]  INFO -- : Started POST "/security/logout.action" for 127.0.0.1 at 2015-03-17 11:51:47 +0700
F, [2015-03-17T11:51:47.981345 #5540] FATAL -- : 
ActionController::RoutingError (No route matches [POST] "/security/logout.action"):
  actionpack (4.0.0) lib/action_dispatch/middleware/debug_exceptions.rb:21:in `call'
  actionpack (4.0.0) lib/action_dispatch/middleware/show_exceptions.rb:30:in `call'
  railties (4.0.0) lib/rails/rack/logger.rb:38:in `call_app'
  railties (4.0.0) lib/rails/rack/logger.rb:21:in `block in call'
  activesupport (4.0.0) lib/active_support/tagged_logging.rb:67:in `block in tagged'
  activesupport (4.0.0) lib/active_support/tagged_logging.rb:25:in `tagged'
  activesupport (4.0.0) lib/active_support/tagged_logging.rb:67:in `tagged'
  railties (4.0.0) lib/rails/rack/logger.rb:21:in `call'
  actionpack (4.0.0) lib/action_dispatch/middleware/request_id.rb:21:in `call'
  rack (1.5.2) lib/rack/methodoverride.rb:21:in `call'
  rack (1.5.2) lib/rack/runtime.rb:17:in `call'
  activesupport (4.0.0) lib/active_support/cache/strategy/local_cache.rb:83:in `call'
  railties (4.0.0) lib/rails/engine.rb:511:in `call'
  railties (4.0.0) lib/rails/application.rb:97:in `call'
  rack (1.5.2) lib/rack/lock.rb:17:in `call'
  rack (1.5.2) lib/rack/content_length.rb:14:in `call'
  rack (1.5.2) lib/rack/handler/webrick.rb:60:in `service'
  C:/Ruby19/lib/ruby/1.9.1/webrick/httpserver.rb:138:in `service'
  C:/Ruby19/lib/ruby/1.9.1/webrick/httpserver.rb:94:in `run'
  C:/Ruby19/lib/ruby/1.9.1/webrick/server.rb:191:in `block in start_thread'


I, [2015-03-17T13:41:47.227118 #5540]  INFO -- : Started GET "/Users/logIn?_dc=1426574506887&username=admin&password=[FILTERED]" for 127.0.0.1 at 2015-03-17 13:41:47 +0700
I, [2015-03-17T13:41:47.257504 #5540]  INFO -- : Processing by UsersController#logIn as */*
I, [2015-03-17T13:41:47.258530 #5540]  INFO -- :   Parameters: {"_dc"=>"1426574506887", "username"=>"admin", "password"=>"[FILTERED]"}
I, [2015-03-17T13:41:48.122101 #5540]  INFO -- : Completed 200 OK in 863ms (Views: 682.3ms | ActiveRecord: 49.1ms)
I, [2015-03-17T13:41:48.284020 #5540]  INFO -- : Started GET "/system_menus/1?_dc=1426574508265&node=1" for 127.0.0.1 at 2015-03-17 13:41:48 +0700
I, [2015-03-17T13:41:48.293026 #5540]  INFO -- : Processing by SystemMenusController#show as */*
I, [2015-03-17T13:41:48.293026 #5540]  INFO -- :   Parameters: {"_dc"=>"1426574508265", "node"=>"1", "id"=>"1"}
I, [2015-03-17T13:41:49.248152 #5540]  INFO -- : Completed 200 OK in 954ms (Views: 17.0ms | ActiveRecord: 888.1ms)
I, [2015-03-17T13:42:24.315826 #5540]  INFO -- : Started GET "/Products/searchCodePuchaseReqeust?_dc=1426574543996&page=1&start=0&limit=25" for 127.0.0.1 at 2015-03-17 13:42:24 +0700
I, [2015-03-17T13:42:24.322831 #5540]  INFO -- : Processing by ProductsController#searchCodePuchaseReqeust as */*
I, [2015-03-17T13:42:24.322831 #5540]  INFO -- :   Parameters: {"_dc"=>"1426574543996", "page"=>"1", "start"=>"0", "limit"=>"25"}
I, [2015-03-17T13:42:24.499264 #5540]  INFO -- : Completed 200 OK in 176ms (Views: 114.4ms | ActiveRecord: 17.0ms)
I, [2015-03-17T13:42:24.502838 #5540]  INFO -- : Started GET "/Products/searchNamePuchaseReqeust?_dc=1426574543998&page=1&start=0&limit=25" for 127.0.0.1 at 2015-03-17 13:42:24 +0700
I, [2015-03-17T13:42:24.510105 #5540]  INFO -- : Processing by ProductsController#searchNamePuchaseReqeust as */*
I, [2015-03-17T13:42:24.511106 #5540]  INFO -- :   Parameters: {"_dc"=>"1426574543998", "page"=>"1", "start"=>"0", "limit"=>"25"}
I, [2015-03-17T13:42:24.639203 #5540]  INFO -- : Completed 200 OK in 127ms (Views: 110.1ms | ActiveRecord: 3.0ms)
I, [2015-03-17T13:42:24.642245 #5540]  INFO -- : Started GET "/employees?_dc=1426574544002&page=1&start=0&limit=1000" for 127.0.0.1 at 2015-03-17 13:42:24 +0700
I, [2015-03-17T13:42:24.650349 #5540]  INFO -- : Processing by EmployeesController#index as */*
I, [2015-03-17T13:42:24.651349 #5540]  INFO -- :   Parameters: {"_dc"=>"1426574544002", "page"=>"1", "start"=>"0", "limit"=>"1000"}
I, [2015-03-17T13:42:24.876810 #5540]  INFO -- : Completed 200 OK in 225ms (Views: 89.7ms | ActiveRecord: 3.0ms)
I, [2015-03-17T13:42:24.878811 #5540]  INFO -- : Started GET "/employees?_dc=1426574544003&page=1&start=0&limit=1000" for 127.0.0.1 at 2015-03-17 13:42:24 +0700
I, [2015-03-17T13:42:24.885817 #5540]  INFO -- : Processing by EmployeesController#index as */*
I, [2015-03-17T13:42:24.886818 #5540]  INFO -- :   Parameters: {"_dc"=>"1426574544003", "page"=>"1", "start"=>"0", "limit"=>"1000"}
I, [2015-03-17T13:42:24.950244 #5540]  INFO -- : Completed 200 OK in 63ms (Views: 57.4ms | ActiveRecord: 4.0ms)
I, [2015-03-17T13:42:24.952248 #5540]  INFO -- : Started GET "/employees?_dc=1426574544004&page=1&start=0&limit=1000" for 127.0.0.1 at 2015-03-17 13:42:24 +0700
I, [2015-03-17T13:42:24.956249 #5540]  INFO -- : Processing by EmployeesController#index as */*
I, [2015-03-17T13:42:24.956249 #5540]  INFO -- :   Parameters: {"_dc"=>"1426574544004", "page"=>"1", "start"=>"0", "limit"=>"1000"}
I, [2015-03-17T13:42:25.035069 #5540]  INFO -- : Completed 200 OK in 77ms (Views: 71.8ms | ActiveRecord: 2.0ms)
I, [2015-03-17T13:42:44.767643 #5540]  INFO -- : Started GET "/purchase_requests/getItemsDetail?_dc=1426574564752&id=12&page=1&start=0&limit=25" for 127.0.0.1 at 2015-03-17 13:42:44 +0700
I, [2015-03-17T13:42:44.801667 #5540]  INFO -- : Processing by PurchaseRequestsController#getItemsDetail as */*
I, [2015-03-17T13:42:44.802668 #5540]  INFO -- :   Parameters: {"_dc"=>"1426574564752", "id"=>"12", "page"=>"1", "start"=>"0", "limit"=>"25"}
I, [2015-03-17T13:42:44.853650 #5540]  INFO -- : Completed 200 OK in 51ms (Views: 1.0ms | ActiveRecord: 45.0ms)
I, [2015-03-17T13:42:44.889673 #5540]  INFO -- : Started GET "/Products/searchCodePuchaseReqeust?_dc=1426574564871&page=1&start=0&limit=25" for 127.0.0.1 at 2015-03-17 13:42:44 +0700
I, [2015-03-17T13:42:44.898680 #5540]  INFO -- : Processing by ProductsController#searchCodePuchaseReqeust as */*
I, [2015-03-17T13:42:44.899681 #5540]  INFO -- :   Parameters: {"_dc"=>"1426574564871", "page"=>"1", "start"=>"0", "limit"=>"25"}
I, [2015-03-17T13:42:45.037773 #5540]  INFO -- : Completed 200 OK in 137ms (Views: 118.1ms | ActiveRecord: 3.0ms)
I, [2015-03-17T13:42:45.039774 #5540]  INFO -- : Started GET "/employees?_dc=1426574564875&page=1&start=0&limit=1000" for 127.0.0.1 at 2015-03-17 13:42:45 +0700
I, [2015-03-17T13:42:45.041774 #5540]  INFO -- : Processing by EmployeesController#index as */*
I, [2015-03-17T13:42:45.042775 #5540]  INFO -- :   Parameters: {"_dc"=>"1426574564875", "page"=>"1", "start"=>"0", "limit"=>"1000"}
I, [2015-03-17T13:42:45.129833 #5540]  INFO -- : Completed 200 OK in 87ms (Views: 79.1ms | ActiveRecord: 5.0ms)
I, [2015-03-17T13:42:45.131834 #5540]  INFO -- : Started GET "/Products/searchNamePuchaseReqeust?_dc=1426574564872&page=1&start=0&limit=25" for 127.0.0.1 at 2015-03-17 13:42:45 +0700
I, [2015-03-17T13:42:45.133835 #5540]  INFO -- : Processing by ProductsController#searchNamePuchaseReqeust as */*
I, [2015-03-17T13:42:45.134836 #5540]  INFO -- :   Parameters: {"_dc"=>"1426574564872", "page"=>"1", "start"=>"0", "limit"=>"25"}
I, [2015-03-17T13:42:45.267927 #5540]  INFO -- : Completed 200 OK in 132ms (Views: 116.1ms | ActiveRecord: 2.0ms)
I, [2015-03-17T13:42:45.269925 #5540]  INFO -- : Started GET "/employees?_dc=1426574564873&page=1&start=0&limit=1000" for 127.0.0.1 at 2015-03-17 13:42:45 +0700
I, [2015-03-17T13:42:45.271928 #5540]  INFO -- : Processing by EmployeesController#index as */*
I, [2015-03-17T13:42:45.272928 #5540]  INFO -- :   Parameters: {"_dc"=>"1426574564873", "page"=>"1", "start"=>"0", "limit"=>"1000"}
I, [2015-03-17T13:42:45.332968 #5540]  INFO -- : Completed 200 OK in 59ms (Views: 51.0ms | ActiveRecord: 5.0ms)
I, [2015-03-17T13:42:45.334969 #5540]  INFO -- : Started GET "/employees?_dc=1426574564874&page=1&start=0&limit=1000" for 127.0.0.1 at 2015-03-17 13:42:45 +0700
I, [2015-03-17T13:42:45.336972 #5540]  INFO -- : Processing by EmployeesController#index as */*
I, [2015-03-17T13:42:45.336972 #5540]  INFO -- :   Parameters: {"_dc"=>"1426574564874", "page"=>"1", "start"=>"0", "limit"=>"1000"}
I, [2015-03-17T13:42:45.417098 #5540]  INFO -- : Completed 200 OK in 79ms (Views: 73.1ms | ActiveRecord: 3.0ms)
I, [2015-03-17T13:42:54.027335 #5540]  INFO -- : Started GET "/purchase_requests/getItemsDetail?_dc=1426574574011&id=13&page=1&start=0&limit=25" for 127.0.0.1 at 2015-03-17 13:42:54 +0700
I, [2015-03-17T13:42:54.032341 #5540]  INFO -- : Processing by PurchaseRequestsController#getItemsDetail as */*
I, [2015-03-17T13:42:54.033342 #5540]  INFO -- :   Parameters: {"_dc"=>"1426574574011", "id"=>"13", "page"=>"1", "start"=>"0", "limit"=>"25"}
I, [2015-03-17T13:42:54.039344 #5540]  INFO -- : Completed 200 OK in 6ms (Views: 2.0ms | ActiveRecord: 2.0ms)
I, [2015-03-17T13:42:54.065362 #5540]  INFO -- : Started GET "/employees?_dc=1426574574054&page=1&start=0&limit=1000" for 127.0.0.1 at 2015-03-17 13:42:54 +0700
I, [2015-03-17T13:42:54.071367 #5540]  INFO -- : Processing by EmployeesController#index as */*
I, [2015-03-17T13:42:54.074368 #5540]  INFO -- :   Parameters: {"_dc"=>"1426574574054", "page"=>"1", "start"=>"0", "limit"=>"1000"}
I, [2015-03-17T13:42:54.135410 #5540]  INFO -- : Completed 200 OK in 61ms (Views: 54.0ms | ActiveRecord: 4.0ms)
I, [2015-03-17T13:42:54.137412 #5540]  INFO -- : Started GET "/employees?_dc=1426574574056&page=1&start=0&limit=1000" for 127.0.0.1 at 2015-03-17 13:42:54 +0700
I, [2015-03-17T13:42:54.139411 #5540]  INFO -- : Processing by EmployeesController#index as */*
I, [2015-03-17T13:42:54.140412 #5540]  INFO -- :   Parameters: {"_dc"=>"1426574574056", "page"=>"1", "start"=>"0", "limit"=>"1000"}
I, [2015-03-17T13:42:54.231472 #5540]  INFO -- : Completed 200 OK in 91ms (Views: 82.1ms | ActiveRecord: 7.0ms)
I, [2015-03-17T13:42:54.233474 #5540]  INFO -- : Started GET "/Products/searchCodePuchaseReqeust?_dc=1426574574051&page=1&start=0&limit=25" for 127.0.0.1 at 2015-03-17 13:42:54 +0700
I, [2015-03-17T13:42:54.235475 #5540]  INFO -- : Processing by ProductsController#searchCodePuchaseReqeust as */*
I, [2015-03-17T13:42:54.235475 #5540]  INFO -- :   Parameters: {"_dc"=>"1426574574051", "page"=>"1", "start"=>"0", "limit"=>"25"}
I, [2015-03-17T13:42:54.368564 #5540]  INFO -- : Completed 200 OK in 132ms (Views: 116.1ms | ActiveRecord: 3.0ms)
I, [2015-03-17T13:42:54.370564 #5540]  INFO -- : Started GET "/Products/searchNamePuchaseReqeust?_dc=1426574574052&page=1&start=0&limit=25" for 127.0.0.1 at 2015-03-17 13:42:54 +0700
I, [2015-03-17T13:42:54.372566 #5540]  INFO -- : Processing by ProductsController#searchNamePuchaseReqeust as */*
I, [2015-03-17T13:42:54.373566 #5540]  INFO -- :   Parameters: {"_dc"=>"1426574574052", "page"=>"1", "start"=>"0", "limit"=>"25"}
I, [2015-03-17T13:42:54.508657 #5540]  INFO -- : Completed 200 OK in 134ms (Views: 119.1ms | ActiveRecord: 3.0ms)
I, [2015-03-17T13:42:54.510657 #5540]  INFO -- : Started GET "/employees?_dc=1426574574053&page=1&start=0&limit=1000" for 127.0.0.1 at 2015-03-17 13:42:54 +0700
I, [2015-03-17T13:42:54.512659 #5540]  INFO -- : Processing by EmployeesController#index as */*
I, [2015-03-17T13:42:54.513660 #5540]  INFO -- :   Parameters: {"_dc"=>"1426574574053", "page"=>"1", "start"=>"0", "limit"=>"1000"}
I, [2015-03-17T13:42:54.583706 #5540]  INFO -- : Completed 200 OK in 70ms (Views: 65.0ms | ActiveRecord: 3.0ms)
I, [2015-03-17T13:43:12.832870 #5540]  INFO -- : Started GET "/Products/searchCode?_dc=1426574592824&page=1&start=0&limit=25" for 127.0.0.1 at 2015-03-17 13:43:12 +0700
I, [2015-03-17T13:43:12.835872 #5540]  INFO -- : Processing by ProductsController#searchCode as */*
I, [2015-03-17T13:43:12.838874 #5540]  INFO -- :   Parameters: {"_dc"=>"1426574592824", "page"=>"1", "start"=>"0", "limit"=>"25"}
I, [2015-03-17T13:43:12.963958 #5540]  INFO -- : Completed 200 OK in 120ms (Views: 101.1ms | ActiveRecord: 3.0ms)
I, [2015-03-17T13:43:12.967960 #5540]  INFO -- : Started GET "/employees?_dc=1426574592823&isSalePersion=yes&page=1&start=0&limit=1000" for 127.0.0.1 at 2015-03-17 13:43:12 +0700
I, [2015-03-17T13:43:12.969961 #5540]  INFO -- : Processing by EmployeesController#index as */*
I, [2015-03-17T13:43:12.970963 #5540]  INFO -- :   Parameters: {"_dc"=>"1426574592823", "isSalePersion"=>"yes", "page"=>"1", "start"=>"0", "limit"=>"1000"}
I, [2015-03-17T13:43:12.992976 #5540]  INFO -- : Completed 200 OK in 22ms (Views: 17.0ms | ActiveRecord: 3.0ms)
I, [2015-03-17T13:43:12.996980 #5540]  INFO -- : Started GET "/employees?_dc=1426574592821&isSalePersion=yes&page=1&start=0&limit=1000" for 127.0.0.1 at 2015-03-17 13:43:12 +0700
I, [2015-03-17T13:43:12.999981 #5540]  INFO -- : Processing by EmployeesController#index as */*
I, [2015-03-17T13:43:12.999981 #5540]  INFO -- :   Parameters: {"_dc"=>"1426574592821", "isSalePersion"=>"yes", "page"=>"1", "start"=>"0", "limit"=>"1000"}
I, [2015-03-17T13:43:13.048013 #5540]  INFO -- : Completed 200 OK in 47ms (Views: 42.0ms | ActiveRecord: 2.0ms)
I, [2015-03-17T13:43:13.050015 #5540]  INFO -- : Started GET "/Products/searchDescription?_dc=1426574592825&page=1&start=0&limit=25" for 127.0.0.1 at 2015-03-17 13:43:13 +0700
I, [2015-03-17T13:43:13.051015 #5540]  INFO -- : Processing by ProductsController#searchDescription as */*
I, [2015-03-17T13:43:13.052016 #5540]  INFO -- :   Parameters: {"_dc"=>"1426574592825", "page"=>"1", "start"=>"0", "limit"=>"25"}
I, [2015-03-17T13:43:13.082036 #5540]  INFO -- : Completed 200 OK in 29ms (Views: 16.0ms | ActiveRecord: 2.0ms)
I, [2015-03-17T13:43:13.083036 #5540]  INFO -- : Started GET "/images/icons/Search.png" for 127.0.0.1 at 2015-03-17 13:43:13 +0700
F, [2015-03-17T13:43:13.088039 #5540] FATAL -- : 
ActionController::RoutingError (No route matches [GET] "/images/icons/Search.png"):
  actionpack (4.0.0) lib/action_dispatch/middleware/debug_exceptions.rb:21:in `call'
  actionpack (4.0.0) lib/action_dispatch/middleware/show_exceptions.rb:30:in `call'
  railties (4.0.0) lib/rails/rack/logger.rb:38:in `call_app'
  railties (4.0.0) lib/rails/rack/logger.rb:21:in `block in call'
  activesupport (4.0.0) lib/active_support/tagged_logging.rb:67:in `block in tagged'
  activesupport (4.0.0) lib/active_support/tagged_logging.rb:25:in `tagged'
  activesupport (4.0.0) lib/active_support/tagged_logging.rb:67:in `tagged'
  railties (4.0.0) lib/rails/rack/logger.rb:21:in `call'
  actionpack (4.0.0) lib/action_dispatch/middleware/request_id.rb:21:in `call'
  rack (1.5.2) lib/rack/methodoverride.rb:21:in `call'
  rack (1.5.2) lib/rack/runtime.rb:17:in `call'
  activesupport (4.0.0) lib/active_support/cache/strategy/local_cache.rb:83:in `call'
  railties (4.0.0) lib/rails/engine.rb:511:in `call'
  railties (4.0.0) lib/rails/application.rb:97:in `call'
  rack (1.5.2) lib/rack/lock.rb:17:in `call'
  rack (1.5.2) lib/rack/content_length.rb:14:in `call'
  rack (1.5.2) lib/rack/handler/webrick.rb:60:in `service'
  C:/Ruby19/lib/ruby/1.9.1/webrick/httpserver.rb:138:in `service'
  C:/Ruby19/lib/ruby/1.9.1/webrick/httpserver.rb:94:in `run'
  C:/Ruby19/lib/ruby/1.9.1/webrick/server.rb:191:in `block in start_thread'


I, [2015-03-17T13:45:31.733972 #5540]  INFO -- : Started GET "/images/icons/medium/list.png" for 127.0.0.1 at 2015-03-17 13:45:31 +0700
F, [2015-03-17T13:45:31.738974 #5540] FATAL -- : 
ActionController::RoutingError (No route matches [GET] "/images/icons/medium/list.png"):
  actionpack (4.0.0) lib/action_dispatch/middleware/debug_exceptions.rb:21:in `call'
  actionpack (4.0.0) lib/action_dispatch/middleware/show_exceptions.rb:30:in `call'
  railties (4.0.0) lib/rails/rack/logger.rb:38:in `call_app'
  railties (4.0.0) lib/rails/rack/logger.rb:21:in `block in call'
  activesupport (4.0.0) lib/active_support/tagged_logging.rb:67:in `block in tagged'
  activesupport (4.0.0) lib/active_support/tagged_logging.rb:25:in `tagged'
  activesupport (4.0.0) lib/active_support/tagged_logging.rb:67:in `tagged'
  railties (4.0.0) lib/rails/rack/logger.rb:21:in `call'
  actionpack (4.0.0) lib/action_dispatch/middleware/request_id.rb:21:in `call'
  rack (1.5.2) lib/rack/methodoverride.rb:21:in `call'
  rack (1.5.2) lib/rack/runtime.rb:17:in `call'
  activesupport (4.0.0) lib/active_support/cache/strategy/local_cache.rb:83:in `call'
  railties (4.0.0) lib/rails/engine.rb:511:in `call'
  railties (4.0.0) lib/rails/application.rb:97:in `call'
  rack (1.5.2) lib/rack/lock.rb:17:in `call'
  rack (1.5.2) lib/rack/content_length.rb:14:in `call'
  rack (1.5.2) lib/rack/handler/webrick.rb:60:in `service'
  C:/Ruby19/lib/ruby/1.9.1/webrick/httpserver.rb:138:in `service'
  C:/Ruby19/lib/ruby/1.9.1/webrick/httpserver.rb:94:in `run'
  C:/Ruby19/lib/ruby/1.9.1/webrick/server.rb:191:in `block in start_thread'


I, [2015-03-17T13:45:31.753984 #5540]  INFO -- : Started GET "/images/icons/revise.png" for 127.0.0.1 at 2015-03-17 13:45:31 +0700
F, [2015-03-17T13:45:31.759988 #5540] FATAL -- : 
ActionController::RoutingError (No route matches [GET] "/images/icons/revise.png"):
  actionpack (4.0.0) lib/action_dispatch/middleware/debug_exceptions.rb:21:in `call'
  actionpack (4.0.0) lib/action_dispatch/middleware/show_exceptions.rb:30:in `call'
  railties (4.0.0) lib/rails/rack/logger.rb:38:in `call_app'
  railties (4.0.0) lib/rails/rack/logger.rb:21:in `block in call'
  activesupport (4.0.0) lib/active_support/tagged_logging.rb:67:in `block in tagged'
  activesupport (4.0.0) lib/active_support/tagged_logging.rb:25:in `tagged'
  activesupport (4.0.0) lib/active_support/tagged_logging.rb:67:in `tagged'
  railties (4.0.0) lib/rails/rack/logger.rb:21:in `call'
  actionpack (4.0.0) lib/action_dispatch/middleware/request_id.rb:21:in `call'
  rack (1.5.2) lib/rack/methodoverride.rb:21:in `call'
  rack (1.5.2) lib/rack/runtime.rb:17:in `call'
  activesupport (4.0.0) lib/active_support/cache/strategy/local_cache.rb:83:in `call'
  railties (4.0.0) lib/rails/engine.rb:511:in `call'
  railties (4.0.0) lib/rails/application.rb:97:in `call'
  rack (1.5.2) lib/rack/lock.rb:17:in `call'
  rack (1.5.2) lib/rack/content_length.rb:14:in `call'
  rack (1.5.2) lib/rack/handler/webrick.rb:60:in `service'
  C:/Ruby19/lib/ruby/1.9.1/webrick/httpserver.rb:138:in `service'
  C:/Ruby19/lib/ruby/1.9.1/webrick/httpserver.rb:94:in `run'
  C:/Ruby19/lib/ruby/1.9.1/webrick/server.rb:191:in `block in start_thread'


I, [2015-03-17T13:45:31.919095 #5540]  INFO -- : Started GET "/customers?_dc=1426574731899&page=1&start=0&limit=1000" for 127.0.0.1 at 2015-03-17 13:45:31 +0700
I, [2015-03-17T13:45:31.926099 #5540]  INFO -- : Processing by CustomersController#index as */*
I, [2015-03-17T13:45:31.927101 #5540]  INFO -- :   Parameters: {"_dc"=>"1426574731899", "page"=>"1", "start"=>"0", "limit"=>"1000"}
I, [2015-03-17T13:45:32.158253 #5540]  INFO -- : Completed 200 OK in 230ms (Views: 207.1ms | ActiveRecord: 18.0ms)
I, [2015-03-17T13:45:32.163257 #5540]  INFO -- : Started GET "/leads?_dc=1426574731904&page=1&start=0&limit=1000" for 127.0.0.1 at 2015-03-17 13:45:32 +0700
I, [2015-03-17T13:45:32.171262 #5540]  INFO -- : Processing by LeadsController#index as */*
I, [2015-03-17T13:45:32.173263 #5540]  INFO -- :   Parameters: {"_dc"=>"1426574731904", "page"=>"1", "start"=>"0", "limit"=>"1000"}
I, [2015-03-17T13:45:32.993965 #5540]  INFO -- : Completed 200 OK in 814ms (Views: 610.4ms | ActiveRecord: 20.0ms)
I, [2015-03-17T13:45:32.996971 #5540]  INFO -- : Started GET "/Products/searchCode?_dc=1426574731908&page=1&start=0&limit=25" for 127.0.0.1 at 2015-03-17 13:45:32 +0700
I, [2015-03-17T13:45:32.998971 #5540]  INFO -- : Processing by ProductsController#searchCode as */*
I, [2015-03-17T13:45:33.000973 #5540]  INFO -- :   Parameters: {"_dc"=>"1426574731908", "page"=>"1", "start"=>"0", "limit"=>"25"}
I, [2015-03-17T13:45:33.157078 #5540]  INFO -- : Completed 200 OK in 155ms (Views: 132.1ms | ActiveRecord: 3.0ms)
I, [2015-03-17T13:45:33.159077 #5540]  INFO -- : Started GET "/Products/searchDescription?_dc=1426574731909&page=1&start=0&limit=25" for 127.0.0.1 at 2015-03-17 13:45:33 +0700
I, [2015-03-17T13:45:33.165082 #5540]  INFO -- : Processing by ProductsController#searchDescription as */*
I, [2015-03-17T13:45:33.166083 #5540]  INFO -- :   Parameters: {"_dc"=>"1426574731909", "page"=>"1", "start"=>"0", "limit"=>"25"}
I, [2015-03-17T13:45:33.203107 #5540]  INFO -- : Completed 200 OK in 36ms (Views: 15.0ms | ActiveRecord: 3.0ms)
I, [2015-03-17T14:15:09.977664 #5540]  INFO -- : Started GET "/app/lib/ux/router/Router.js?_dc=1426576509968" for 127.0.0.1 at 2015-03-17 14:15:09 +0700
F, [2015-03-17T14:15:09.982666 #5540] FATAL -- : 
ActionController::RoutingError (No route matches [GET] "/app/lib/ux/router/Router.js"):
  actionpack (4.0.0) lib/action_dispatch/middleware/debug_exceptions.rb:21:in `call'
  actionpack (4.0.0) lib/action_dispatch/middleware/show_exceptions.rb:30:in `call'
  railties (4.0.0) lib/rails/rack/logger.rb:38:in `call_app'
  railties (4.0.0) lib/rails/rack/logger.rb:21:in `block in call'
  activesupport (4.0.0) lib/active_support/tagged_logging.rb:67:in `block in tagged'
  activesupport (4.0.0) lib/active_support/tagged_logging.rb:25:in `tagged'
  activesupport (4.0.0) lib/active_support/tagged_logging.rb:67:in `tagged'
  railties (4.0.0) lib/rails/rack/logger.rb:21:in `call'
  actionpack (4.0.0) lib/action_dispatch/middleware/request_id.rb:21:in `call'
  rack (1.5.2) lib/rack/methodoverride.rb:21:in `call'
  rack (1.5.2) lib/rack/runtime.rb:17:in `call'
  activesupport (4.0.0) lib/active_support/cache/strategy/local_cache.rb:83:in `call'
  railties (4.0.0) lib/rails/engine.rb:511:in `call'
  railties (4.0.0) lib/rails/application.rb:97:in `call'
  rack (1.5.2) lib/rack/lock.rb:17:in `call'
  rack (1.5.2) lib/rack/content_length.rb:14:in `call'
  rack (1.5.2) lib/rack/handler/webrick.rb:60:in `service'
  C:/Ruby19/lib/ruby/1.9.1/webrick/httpserver.rb:138:in `service'
  C:/Ruby19/lib/ruby/1.9.1/webrick/httpserver.rb:94:in `run'
  C:/Ruby19/lib/ruby/1.9.1/webrick/server.rb:191:in `block in start_thread'


I, [2015-03-17T14:15:09.989670 #5540]  INFO -- : Started GET "/app/lib/ux/app/RoutedController.js?_dc=1426576509973" for 127.0.0.1 at 2015-03-17 14:15:09 +0700
F, [2015-03-17T14:15:10.014686 #5540] FATAL -- : 
ActionController::RoutingError (No route matches [GET] "/app/lib/ux/app/RoutedController.js"):
  actionpack (4.0.0) lib/action_dispatch/middleware/debug_exceptions.rb:21:in `call'
  actionpack (4.0.0) lib/action_dispatch/middleware/show_exceptions.rb:30:in `call'
  railties (4.0.0) lib/rails/rack/logger.rb:38:in `call_app'
  railties (4.0.0) lib/rails/rack/logger.rb:21:in `block in call'
  activesupport (4.0.0) lib/active_support/tagged_logging.rb:67:in `block in tagged'
  activesupport (4.0.0) lib/active_support/tagged_logging.rb:25:in `tagged'
  activesupport (4.0.0) lib/active_support/tagged_logging.rb:67:in `tagged'
  railties (4.0.0) lib/rails/rack/logger.rb:21:in `call'
  actionpack (4.0.0) lib/action_dispatch/middleware/request_id.rb:21:in `call'
  rack (1.5.2) lib/rack/methodoverride.rb:21:in `call'
  rack (1.5.2) lib/rack/runtime.rb:17:in `call'
  activesupport (4.0.0) lib/active_support/cache/strategy/local_cache.rb:83:in `call'
  railties (4.0.0) lib/rails/engine.rb:511:in `call'
  railties (4.0.0) lib/rails/application.rb:97:in `call'
  rack (1.5.2) lib/rack/lock.rb:17:in `call'
  rack (1.5.2) lib/rack/content_length.rb:14:in `call'
  rack (1.5.2) lib/rack/handler/webrick.rb:60:in `service'
  C:/Ruby19/lib/ruby/1.9.1/webrick/httpserver.rb:138:in `service'
  C:/Ruby19/lib/ruby/1.9.1/webrick/httpserver.rb:94:in `run'
  C:/Ruby19/lib/ruby/1.9.1/webrick/server.rb:191:in `block in start_thread'


I, [2015-03-17T14:15:10.015690 #5540]  INFO -- : Started GET "/app/view/FormWindow.js?_dc=1426576509972" for 127.0.0.1 at 2015-03-17 14:15:10 +0700
F, [2015-03-17T14:15:10.020691 #5540] FATAL -- : 
ActionController::RoutingError (No route matches [GET] "/app/view/FormWindow.js"):
  actionpack (4.0.0) lib/action_dispatch/middleware/debug_exceptions.rb:21:in `call'
  actionpack (4.0.0) lib/action_dispatch/middleware/show_exceptions.rb:30:in `call'
  railties (4.0.0) lib/rails/rack/logger.rb:38:in `call_app'
  railties (4.0.0) lib/rails/rack/logger.rb:21:in `block in call'
  activesupport (4.0.0) lib/active_support/tagged_logging.rb:67:in `block in tagged'
  activesupport (4.0.0) lib/active_support/tagged_logging.rb:25:in `tagged'
  activesupport (4.0.0) lib/active_support/tagged_logging.rb:67:in `tagged'
  railties (4.0.0) lib/rails/rack/logger.rb:21:in `call'
  actionpack (4.0.0) lib/action_dispatch/middleware/request_id.rb:21:in `call'
  rack (1.5.2) lib/rack/methodoverride.rb:21:in `call'
  rack (1.5.2) lib/rack/runtime.rb:17:in `call'
  activesupport (4.0.0) lib/active_support/cache/strategy/local_cache.rb:83:in `call'
  railties (4.0.0) lib/rails/engine.rb:511:in `call'
  railties (4.0.0) lib/rails/application.rb:97:in `call'
  rack (1.5.2) lib/rack/lock.rb:17:in `call'
  rack (1.5.2) lib/rack/content_length.rb:14:in `call'
  rack (1.5.2) lib/rack/handler/webrick.rb:60:in `service'
  C:/Ruby19/lib/ruby/1.9.1/webrick/httpserver.rb:138:in `service'
  C:/Ruby19/lib/ruby/1.9.1/webrick/httpserver.rb:94:in `run'
  C:/Ruby19/lib/ruby/1.9.1/webrick/server.rb:191:in `block in start_thread'


I, [2015-03-17T14:15:10.021691 #5540]  INFO -- : Started GET "/app/view/Viewport.js?_dc=1426576509972" for 127.0.0.1 at 2015-03-17 14:15:10 +0700
F, [2015-03-17T14:15:10.026493 #5540] FATAL -- : 
ActionController::RoutingError (No route matches [GET] "/app/view/Viewport.js"):
  actionpack (4.0.0) lib/action_dispatch/middleware/debug_exceptions.rb:21:in `call'
  actionpack (4.0.0) lib/action_dispatch/middleware/show_exceptions.rb:30:in `call'
  railties (4.0.0) lib/rails/rack/logger.rb:38:in `call_app'
  railties (4.0.0) lib/rails/rack/logger.rb:21:in `block in call'
  activesupport (4.0.0) lib/active_support/tagged_logging.rb:67:in `block in tagged'
  activesupport (4.0.0) lib/active_support/tagged_logging.rb:25:in `tagged'
  activesupport (4.0.0) lib/active_support/tagged_logging.rb:67:in `tagged'
  railties (4.0.0) lib/rails/rack/logger.rb:21:in `call'
  actionpack (4.0.0) lib/action_dispatch/middleware/request_id.rb:21:in `call'
  rack (1.5.2) lib/rack/methodoverride.rb:21:in `call'
  rack (1.5.2) lib/rack/runtime.rb:17:in `call'
  activesupport (4.0.0) lib/active_support/cache/strategy/local_cache.rb:83:in `call'
  railties (4.0.0) lib/rails/engine.rb:511:in `call'
  railties (4.0.0) lib/rails/application.rb:97:in `call'
  rack (1.5.2) lib/rack/lock.rb:17:in `call'
  rack (1.5.2) lib/rack/content_length.rb:14:in `call'
  rack (1.5.2) lib/rack/handler/webrick.rb:60:in `service'
  C:/Ruby19/lib/ruby/1.9.1/webrick/httpserver.rb:138:in `service'
  C:/Ruby19/lib/ruby/1.9.1/webrick/httpserver.rb:94:in `run'
  C:/Ruby19/lib/ruby/1.9.1/webrick/server.rb:191:in `block in start_thread'


I, [2015-03-17T14:15:32.058785 #5540]  INFO -- : Started GET "/" for 127.0.0.1 at 2015-03-17 14:15:32 +0700
F, [2015-03-17T14:15:32.061787 #5540] FATAL -- : 
ActionController::RoutingError (No route matches [GET] "/"):
  actionpack (4.0.0) lib/action_dispatch/middleware/debug_exceptions.rb:21:in `call'
  actionpack (4.0.0) lib/action_dispatch/middleware/show_exceptions.rb:30:in `call'
  railties (4.0.0) lib/rails/rack/logger.rb:38:in `call_app'
  railties (4.0.0) lib/rails/rack/logger.rb:21:in `block in call'
  activesupport (4.0.0) lib/active_support/tagged_logging.rb:67:in `block in tagged'
  activesupport (4.0.0) lib/active_support/tagged_logging.rb:25:in `tagged'
  activesupport (4.0.0) lib/active_support/tagged_logging.rb:67:in `tagged'
  railties (4.0.0) lib/rails/rack/logger.rb:21:in `call'
  actionpack (4.0.0) lib/action_dispatch/middleware/request_id.rb:21:in `call'
  rack (1.5.2) lib/rack/methodoverride.rb:21:in `call'
  rack (1.5.2) lib/rack/runtime.rb:17:in `call'
  activesupport (4.0.0) lib/active_support/cache/strategy/local_cache.rb:83:in `call'
  railties (4.0.0) lib/rails/engine.rb:511:in `call'
  railties (4.0.0) lib/rails/application.rb:97:in `call'
  rack (1.5.2) lib/rack/lock.rb:17:in `call'
  rack (1.5.2) lib/rack/content_length.rb:14:in `call'
  rack (1.5.2) lib/rack/handler/webrick.rb:60:in `service'
  C:/Ruby19/lib/ruby/1.9.1/webrick/httpserver.rb:138:in `service'
  C:/Ruby19/lib/ruby/1.9.1/webrick/httpserver.rb:94:in `run'
  C:/Ruby19/lib/ruby/1.9.1/webrick/server.rb:191:in `block in start_thread'


I, [2015-03-17T14:15:37.011732 #5540]  INFO -- : Started GET "/" for 127.0.0.1 at 2015-03-17 14:15:37 +0700
F, [2015-03-17T14:15:37.013735 #5540] FATAL -- : 
ActionController::RoutingError (No route matches [GET] "/"):
  actionpack (4.0.0) lib/action_dispatch/middleware/debug_exceptions.rb:21:in `call'
  actionpack (4.0.0) lib/action_dispatch/middleware/show_exceptions.rb:30:in `call'
  railties (4.0.0) lib/rails/rack/logger.rb:38:in `call_app'
  railties (4.0.0) lib/rails/rack/logger.rb:21:in `block in call'
  activesupport (4.0.0) lib/active_support/tagged_logging.rb:67:in `block in tagged'
  activesupport (4.0.0) lib/active_support/tagged_logging.rb:25:in `tagged'
  activesupport (4.0.0) lib/active_support/tagged_logging.rb:67:in `tagged'
  railties (4.0.0) lib/rails/rack/logger.rb:21:in `call'
  actionpack (4.0.0) lib/action_dispatch/middleware/request_id.rb:21:in `call'
  rack (1.5.2) lib/rack/methodoverride.rb:21:in `call'
  rack (1.5.2) lib/rack/runtime.rb:17:in `call'
  activesupport (4.0.0) lib/active_support/cache/strategy/local_cache.rb:83:in `call'
  railties (4.0.0) lib/rails/engine.rb:511:in `call'
  railties (4.0.0) lib/rails/application.rb:97:in `call'
  rack (1.5.2) lib/rack/lock.rb:17:in `call'
  rack (1.5.2) lib/rack/content_length.rb:14:in `call'
  rack (1.5.2) lib/rack/handler/webrick.rb:60:in `service'
  C:/Ruby19/lib/ruby/1.9.1/webrick/httpserver.rb:138:in `service'
  C:/Ruby19/lib/ruby/1.9.1/webrick/httpserver.rb:94:in `run'
  C:/Ruby19/lib/ruby/1.9.1/webrick/server.rb:191:in `block in start_thread'


I, [2015-03-17T14:15:43.314714 #5540]  INFO -- : Started GET "/" for 127.0.0.1 at 2015-03-17 14:15:43 +0700
F, [2015-03-17T14:15:43.317718 #5540] FATAL -- : 
ActionController::RoutingError (No route matches [GET] "/"):
  actionpack (4.0.0) lib/action_dispatch/middleware/debug_exceptions.rb:21:in `call'
  actionpack (4.0.0) lib/action_dispatch/middleware/show_exceptions.rb:30:in `call'
  railties (4.0.0) lib/rails/rack/logger.rb:38:in `call_app'
  railties (4.0.0) lib/rails/rack/logger.rb:21:in `block in call'
  activesupport (4.0.0) lib/active_support/tagged_logging.rb:67:in `block in tagged'
  activesupport (4.0.0) lib/active_support/tagged_logging.rb:25:in `tagged'
  activesupport (4.0.0) lib/active_support/tagged_logging.rb:67:in `tagged'
  railties (4.0.0) lib/rails/rack/logger.rb:21:in `call'
  actionpack (4.0.0) lib/action_dispatch/middleware/request_id.rb:21:in `call'
  rack (1.5.2) lib/rack/methodoverride.rb:21:in `call'
  rack (1.5.2) lib/rack/runtime.rb:17:in `call'
  activesupport (4.0.0) lib/active_support/cache/strategy/local_cache.rb:83:in `call'
  railties (4.0.0) lib/rails/engine.rb:511:in `call'
  railties (4.0.0) lib/rails/application.rb:97:in `call'
  rack (1.5.2) lib/rack/lock.rb:17:in `call'
  rack (1.5.2) lib/rack/content_length.rb:14:in `call'
  rack (1.5.2) lib/rack/handler/webrick.rb:60:in `service'
  C:/Ruby19/lib/ruby/1.9.1/webrick/httpserver.rb:138:in `service'
  C:/Ruby19/lib/ruby/1.9.1/webrick/httpserver.rb:94:in `run'
  C:/Ruby19/lib/ruby/1.9.1/webrick/server.rb:191:in `block in start_thread'


I, [2015-03-17T14:15:45.505739 #5540]  INFO -- : Started GET "/" for 127.0.0.1 at 2015-03-17 14:15:45 +0700
F, [2015-03-17T14:15:45.508742 #5540] FATAL -- : 
ActionController::RoutingError (No route matches [GET] "/"):
  actionpack (4.0.0) lib/action_dispatch/middleware/debug_exceptions.rb:21:in `call'
  actionpack (4.0.0) lib/action_dispatch/middleware/show_exceptions.rb:30:in `call'
  railties (4.0.0) lib/rails/rack/logger.rb:38:in `call_app'
  railties (4.0.0) lib/rails/rack/logger.rb:21:in `block in call'
  activesupport (4.0.0) lib/active_support/tagged_logging.rb:67:in `block in tagged'
  activesupport (4.0.0) lib/active_support/tagged_logging.rb:25:in `tagged'
  activesupport (4.0.0) lib/active_support/tagged_logging.rb:67:in `tagged'
  railties (4.0.0) lib/rails/rack/logger.rb:21:in `call'
  actionpack (4.0.0) lib/action_dispatch/middleware/request_id.rb:21:in `call'
  rack (1.5.2) lib/rack/methodoverride.rb:21:in `call'
  rack (1.5.2) lib/rack/runtime.rb:17:in `call'
  activesupport (4.0.0) lib/active_support/cache/strategy/local_cache.rb:83:in `call'
  railties (4.0.0) lib/rails/engine.rb:511:in `call'
  railties (4.0.0) lib/rails/application.rb:97:in `call'
  rack (1.5.2) lib/rack/lock.rb:17:in `call'
  rack (1.5.2) lib/rack/content_length.rb:14:in `call'
  rack (1.5.2) lib/rack/handler/webrick.rb:60:in `service'
  C:/Ruby19/lib/ruby/1.9.1/webrick/httpserver.rb:138:in `service'
  C:/Ruby19/lib/ruby/1.9.1/webrick/httpserver.rb:94:in `run'
  C:/Ruby19/lib/ruby/1.9.1/webrick/server.rb:191:in `block in start_thread'


